-------------------------------------------------------------------------------
Test set: io.javabrains.MathUtilsTest
-------------------------------------------------------------------------------
Tests run: 3, Failures: 1, Errors: 0, Skipped: 0, Time elapsed: 0.023 s <<< FAILURE! - in io.javabrains.MathUtilsTest
testAdd  Time elapsed: 0.016 s  <<< FAILURE!
org.opentest4j.AssertionFailedError: the add method didnot give expected result ==> expected: <13> but was: <12>
	at io.javabrains.MathUtilsTest.testAdd(MathUtilsTest.java:15)

